<?xml version="1.0" encoding="UTF-8"?>
<!-- Generated by org.testng.reporters.JUnitReportReporter -->
<testsuite hostname="vivmy.local" name="viv.RemoveMovieTest" tests="1" failures="0" timestamp="6 Sep 2015 00:08:44 GMT" time="4.926" errors="0">
  <testcase name="RemoveMovieTest" time="4.926" classname="viv.RemoveMovieTest"/>
</testsuite> <!-- viv.RemoveMovieTest -->
