<?xml version="1.0" encoding="UTF-8"?>
<!-- Generated by org.testng.reporters.JUnitReportReporter -->
<testsuite hostname="vivmy.local" name="viv.SearchMovieTestNegative" tests="1" failures="0" timestamp="6 Sep 2015 15:51:30 GMT" time="4.761" errors="0">
  <testcase name="SearchMovieTestNegative" time="4.761" classname="viv.SearchMovieTestNegative"/>
</testsuite> <!-- viv.SearchMovieTestNegative -->
