<?xml version="1.0" encoding="UTF-8"?>
<!-- Generated by org.testng.reporters.JUnitReportReporter -->
<testsuite hostname="vivmy.local" name="viv.LoginTest" tests="1" failures="0" timestamp="6 Sep 2015 00:08:44 GMT" time="2.654" errors="0">
  <testcase name="testLoginAdmin" time="2.654" classname="viv.LoginTest"/>
</testsuite> <!-- viv.LoginTest -->
