<?xml version="1.0" encoding="UTF-8"?>
<!-- Generated by org.testng.reporters.JUnitReportReporter -->
<testsuite hostname="vivmy.local" name="viv.LoginTest" tests="1" failures="0" timestamp="6 Sep 2015 15:51:30 GMT" time="2.864" errors="0">
  <testcase name="testLoginAdmin" time="2.864" classname="viv.LoginTest"/>
</testsuite> <!-- viv.LoginTest -->
