<?xml version="1.0" encoding="UTF-8"?>
<!-- Generated by org.testng.reporters.JUnitReportReporter -->
<testsuite hostname="vivmy.local" name="viv.SearchMovieTestPositive" tests="1" failures="0" timestamp="12 Sep 2015 14:35:09 GMT" time="3.980" errors="0">
  <testcase name="SearchMovieTestPositive" time="3.980" classname="viv.SearchMovieTestPositive"/>
</testsuite> <!-- viv.SearchMovieTestPositive -->
