<?xml version="1.0" encoding="UTF-8"?>
<!-- Generated by org.testng.reporters.JUnitReportReporter -->
<testsuite hostname="vivmy.local" name="viv.AddMovieTest" tests="1" failures="0" timestamp="6 Sep 2015 00:08:44 GMT" time="7.872" errors="0">
  <testcase name="AddMovieTestPositive" time="7.872" classname="viv.AddMovieTest"/>
</testsuite> <!-- viv.AddMovieTest -->
