<?xml version="1.0" encoding="UTF-8"?>
<!-- Generated by org.testng.reporters.JUnitReportReporter -->
<testsuite hostname="vivmy.local" name="viv.AddMovieTest" tests="1" failures="0" timestamp="6 Sep 2015 15:51:30 GMT" time="12.156" errors="0">
  <testcase name="AddMovieTestPositive" time="12.156" classname="viv.AddMovieTest"/>
</testsuite> <!-- viv.AddMovieTest -->
