<?xml version="1.0" encoding="UTF-8"?>
<!-- Generated by org.testng.reporters.JUnitReportReporter -->
<testsuite hostname="vivmy.local" name="viv.RemoveMovieTest" tests="1" failures="0" timestamp="6 Sep 2015 01:47:58 GMT" time="53.954" errors="0">
  <testcase name="RemoveMovieTest" time="53.954" classname="viv.RemoveMovieTest"/>
</testsuite> <!-- viv.RemoveMovieTest -->
