<?xml version="1.0" encoding="UTF-8"?>
<!-- Generated by org.testng.reporters.JUnitReportReporter -->
<testsuite hostname="vivmy.local" name="viv.RemoveMovieTest" tests="1" failures="0" timestamp="6 Sep 2015 15:51:30 GMT" time="8.395" errors="0">
  <testcase name="RemoveMovieTest" time="8.395" classname="viv.RemoveMovieTest"/>
</testsuite> <!-- viv.RemoveMovieTest -->
