<?xml version="1.0" encoding="UTF-8"?>
<!-- Generated by org.testng.reporters.JUnitReportReporter -->
<testsuite hostname="vivmy.local" name="viv.AddMovieTestNegative" tests="1" failures="0" timestamp="6 Sep 2015 15:51:30 GMT" time="6.135" errors="0">
  <testcase name="AddMovieTestNegative" time="6.135" classname="viv.AddMovieTestNegative"/>
</testsuite> <!-- viv.AddMovieTestNegative -->
