<?xml version="1.0" encoding="UTF-8"?>
<!-- Generated by org.testng.reporters.JUnitReportReporter -->
<testsuite hostname="vivmy.local" name="viv.AddMovieTestNegative" tests="1" failures="0" timestamp="6 Sep 2015 01:02:42 GMT" time="4.941" errors="0">
  <testcase name="AddMovieTestPositive" time="4.941" classname="viv.AddMovieTestNegative"/>
</testsuite> <!-- viv.AddMovieTestNegative -->
