<?xml version="1.0" encoding="UTF-8"?>
<!-- Generated by org.testng.reporters.JUnitReportReporter -->
<testsuite hostname="vivmy.local" name="viv.SearchMovieTestPositive" tests="1" failures="0" timestamp="6 Sep 2015 15:51:30 GMT" time="4.214" errors="0">
  <testcase name="SearchMovieTestPositive" time="4.214" classname="viv.SearchMovieTestPositive"/>
</testsuite> <!-- viv.SearchMovieTestPositive -->
